  test.c
D:\计算机\C语言\图书管理系统\test.c(153,11): warning C4477: “scanf_s”: 格式字符串“%s”需要类型“char *”的参数，但可变参数 3 拥有了类型“int”
D:\计算机\C语言\图书管理系统\test.c(153,11): message : 此参数由转换说明符使用
D:\计算机\C语言\图书管理系统\test.c(153,11): warning C4477: “scanf_s”: 格式字符串“%s”需要类型“unsigned int”的参数，但可变参数 4 拥有了类型“int *”
D:\计算机\C语言\图书管理系统\test.c(153,11): message : 此参数用作缓冲区大小
D:\计算机\C语言\图书管理系统\test.c(153,11): warning C4477: “scanf_s”: 格式字符串“%s”需要类型“char *”的参数，但可变参数 5 拥有了类型“float *”
D:\计算机\C语言\图书管理系统\test.c(153,11): message : 此参数由转换说明符使用
D:\计算机\C语言\图书管理系统\test.c(153,11): warning C4473: “scanf_s”: 没有为格式字符串传递足够的参数
D:\计算机\C语言\图书管理系统\test.c(153,11): message : 占位符和其参数预计 8 可变参数，但提供的却是 5 参数
D:\计算机\C语言\图书管理系统\test.c(153,11): message : 缺失的可变参数 6 为格式字符串“%s”所需
D:\计算机\C语言\图书管理系统\test.c(153,11): message : 此参数用作缓冲区大小
D:\计算机\C语言\图书管理系统\test.c(154,15): warning C4477: “fprintf”: 格式字符串“%-14s”需要类型“char *”的参数，但可变参数 2 拥有了类型“int”
D:\计算机\C语言\图书管理系统\test.c(154,15): warning C4477: “fprintf”: 格式字符串“%-16s”需要类型“char *”的参数，但可变参数 3 拥有了类型“int”
D:\计算机\C语言\图书管理系统\test.c(256,13): warning C4101: “i”: 未引用的局部变量
D:\计算机\C语言\图书管理系统\test.c(304,7): warning C4101: “i”: 未引用的局部变量
D:\计算机\C语言\图书管理系统\test.c(595,17): warning C4477: “fprintf”: 格式字符串“%-7d”需要类型“int”的参数，但可变参数 3 拥有了类型“char *”
D:\计算机\C语言\图书管理系统\test.c(595,17): warning C4477: “fprintf”: 格式字符串“%-8.2f”需要类型“double”的参数，但可变参数 4 拥有了类型“int”
D:\计算机\C语言\图书管理系统\test.c(596,60): warning C4474: fprintf: 格式字符串中传递的参数太多
D:\计算机\C语言\图书管理系统\test.c(596,60): message : 占位符和其参数预计 4 可变参数，但提供的却是 5 参数
D:\计算机\C语言\图书管理系统\test.c(647,7): warning C4101: “i”: 未引用的局部变量
D:\计算机\C语言\图书管理系统\test.c(742,18): warning C4098: “Library_System”:“void”函数返回值
D:\计算机\C语言\图书管理系统\test.c(773,18): warning C4098: “Lending_System”:“void”函数返回值
  图书管理系统.vcxproj -> D:\计算机\C语言\图书管理系统\Debug\图书管理系统.exe
